  Main.cpp
C:\Users\gena_\source\repos\Projekte\array\Array.h(228,1): warning C4554: "&": проверьте приоритет операторов на ошибки; для уточнения приоритета используйте скобки
  (компиляция исходного файла "../../Main.cpp")
  C:\Users\gena_\source\repos\Projekte\array\Array.h(228,1):
  контекст создания экземпляра шаблона (сначала самый старый)
  	C:\Users\gena_\source\repos\Projekte\array\Array.h(228,2):
  	выполняется компиляция ссылки на экземпляр класс шаблон функции "Array<Type>"
  
C:\Users\gena_\source\repos\Projekte\array\Array.h(14,3): error C2297: "&": недопустимо, поскольку тип правого операнда — "const char [3]"
  (компиляция исходного файла "../../Main.cpp")
  
C:\Users\gena_\source\repos\Projekte\array\Array.h(22,5): error C2065: m_count: необъявленный идентификатор
  (компиляция исходного файла "../../Main.cpp")
  
C:\Users\gena_\source\repos\Projekte\array\Array.h(22,5): error C3861: m_count: идентификатор не найден
  (компиляция исходного файла "../../Main.cpp")
  
C:\Users\gena_\source\repos\Projekte\array\Array.h(38,5): error C2065: m_count: необъявленный идентификатор
  (компиляция исходного файла "../../Main.cpp")
  
C:\Users\gena_\source\repos\Projekte\array\Array.h(38,5): error C3861: m_count: идентификатор не найден
  (компиляция исходного файла "../../Main.cpp")
  
C:\Users\gena_\source\repos\Projekte\array\Array.h(45,5): error C2065: m_count: необъявленный идентификатор
  (компиляция исходного файла "../../Main.cpp")
  
C:\Users\gena_\source\repos\Projekte\array\Array.h(45,5): error C3861: m_count: идентификатор не найден
  (компиляция исходного файла "../../Main.cpp")
  
